Flow report for hdmi_colorbar
Thu Jan 21 22:40:35 2021
Quartus Prime Version 17.0.0 Build 595 04/25/2017 SJ Standard Edition


---------------------
; Table of Contents ;
---------------------
  1. Legal Notice
  2. Flow Summary
  3. Flow Settings
  4. Flow Non-Default Global Settings
  5. Flow Elapsed Time
  6. Flow OS Summary
  7. Flow Log
  8. Flow Messages
  9. Flow Suppressed Messages



----------------
; Legal Notice ;
----------------
Copyright (C) 2017  Intel Corporation. All rights reserved.
Your use of Intel Corporation's design tools, logic functions 
and other software and tools, and its AMPP partner logic 
functions, and any output files from any of the foregoing 
(including device programming or simulation files), and any 
associated documentation or information are expressly subject 
to the terms and conditions of the Intel Program License 
Subscription Agreement, the Intel Quartus Prime License Agreement,
the Intel MegaCore Function License Agreement, or other 
applicable license agreement, including, without limitation, 
that your use is for the sole purpose of programming logic 
devices manufactured by Intel and sold by Intel or its 
authorized distributors.  Please refer to the applicable 
agreement for further details.



+--------------------------------------------------------------------------------------+
; Flow Summary                                                                         ;
+------------------------------------+-------------------------------------------------+
; Flow Status                        ; Successful - Thu Jan 21 22:40:35 2021           ;
; Quartus Prime Version              ; 17.0.0 Build 595 04/25/2017 SJ Standard Edition ;
; Revision Name                      ; hdmi_colorbar                                   ;
; Top-level Entity Name              ; hdmi_colorbar                                   ;
; Family                             ; Cyclone IV E                                    ;
; Device                             ; EP4CE22F17I7                                    ;
; Timing Models                      ; Final                                           ;
; Total logic elements               ; 394 / 22,320 ( 2 % )                            ;
;     Total combinational functions  ; 384 / 22,320 ( 2 % )                            ;
;     Dedicated logic registers      ; 164 / 22,320 ( < 1 % )                          ;
; Total registers                    ; 180                                             ;
; Total pins                         ; 12 / 154 ( 8 % )                                ;
; Total virtual pins                 ; 0                                               ;
; Total memory bits                  ; 0 / 608,256 ( 0 % )                             ;
; Embedded Multiplier 9-bit elements ; 0 / 132 ( 0 % )                                 ;
; Total PLLs                         ; 1 / 4 ( 25 % )                                  ;
+------------------------------------+-------------------------------------------------+


+-----------------------------------------+
; Flow Settings                           ;
+-------------------+---------------------+
; Option            ; Setting             ;
+-------------------+---------------------+
; Start date & time ; 01/21/2021 22:39:50 ;
; Main task         ; Compilation         ;
; Revision Name     ; hdmi_colorbar       ;
+-------------------+---------------------+


+--------------------------------------------------------------------------------------------------------------------------------+
; Flow Non-Default Global Settings                                                                                               ;
+--------------------------------------+----------------------------------------+---------------+-------------+------------------+
; Assignment Name                      ; Value                                  ; Default Value ; Entity Name ; Section Id       ;
+--------------------------------------+----------------------------------------+---------------+-------------+------------------+
; COMPILER_SIGNATURE_ID                ; 1097022140183.161123999028520          ; --            ; --          ; --               ;
; EDA_DESIGN_INSTANCE_NAME             ; NA                                     ; --            ; --          ; tb_hdmi_colorbar ;
; EDA_NATIVELINK_SIMULATION_TEST_BENCH ; tb_hdmi_colorbar                       ; --            ; --          ; eda_simulation   ;
; EDA_OUTPUT_DATA_FORMAT               ; Verilog Hdl                            ; --            ; --          ; eda_simulation   ;
; EDA_SIMULATION_TOOL                  ; ModelSim (Verilog)                     ; <None>        ; --          ; --               ;
; EDA_TEST_BENCH_ENABLE_STATUS         ; TEST_BENCH_MODE                        ; --            ; --          ; eda_simulation   ;
; EDA_TEST_BENCH_FILE                  ; ../sim/tb_hdmi_colorbar.v              ; --            ; --          ; tb_hdmi_colorbar ;
; EDA_TEST_BENCH_MODULE_NAME           ; tb_hdmi_colorbar                       ; --            ; --          ; tb_hdmi_colorbar ;
; EDA_TEST_BENCH_NAME                  ; tb_hdmi_colorbar                       ; --            ; --          ; eda_simulation   ;
; EDA_TEST_BENCH_RUN_SIM_FOR           ; 1 us                                   ; --            ; --          ; tb_hdmi_colorbar ;
; EDA_TIME_SCALE                       ; 1 ps                                   ; --            ; --          ; eda_simulation   ;
; MAX_CORE_JUNCTION_TEMP               ; 100                                    ; --            ; --          ; --               ;
; MIN_CORE_JUNCTION_TEMP               ; -40                                    ; --            ; --          ; --               ;
; MISC_FILE                            ; ip_core/ddio_out/ddio_out.bsf          ; --            ; --          ; --               ;
; MISC_FILE                            ; ip_core/ddio_out/ddio_out_inst.v       ; --            ; --          ; --               ;
; MISC_FILE                            ; ip_core/ddio_out/ddio_out_bb.v         ; --            ; --          ; --               ;
; MISC_FILE                            ; ip_core/ddio_out/ddio_out.inc          ; --            ; --          ; --               ;
; MISC_FILE                            ; ip_core/ddio_out/ddio_out.cmp          ; --            ; --          ; --               ;
; MISC_FILE                            ; ip_core/ddio_out/ddio_out.ppf          ; --            ; --          ; --               ;
; MISC_FILE                            ; ip_core/clk_gen/clk_gen_inst.v         ; --            ; --          ; --               ;
; MISC_FILE                            ; ip_core/clk_gen/clk_gen_bb.v           ; --            ; --          ; --               ;
; MISC_FILE                            ; ip_core/clk_gen/clk_gen.ppf            ; --            ; --          ; --               ;
; PARTITION_COLOR                      ; -- (Not supported for targeted family) ; --            ; --          ; Top              ;
; PARTITION_FITTER_PRESERVATION_LEVEL  ; -- (Not supported for targeted family) ; --            ; --          ; Top              ;
; PARTITION_NETLIST_TYPE               ; -- (Not supported for targeted family) ; --            ; --          ; Top              ;
; POWER_BOARD_THERMAL_MODEL            ; None (CONSERVATIVE)                    ; --            ; --          ; --               ;
; POWER_PRESET_COOLING_SOLUTION        ; 23 MM HEAT SINK WITH 200 LFPM AIRFLOW  ; --            ; --          ; --               ;
; PROJECT_OUTPUT_DIRECTORY             ; output_files                           ; --            ; --          ; --               ;
+--------------------------------------+----------------------------------------+---------------+-------------+------------------+


+-------------------------------------------------------------------------------------------------------------------------------+
; Flow Elapsed Time                                                                                                             ;
+---------------------------+--------------+-------------------------+---------------------+------------------------------------+
; Module Name               ; Elapsed Time ; Average Processors Used ; Peak Virtual Memory ; Total CPU Time (on all processors) ;
+---------------------------+--------------+-------------------------+---------------------+------------------------------------+
; Analysis & Synthesis      ; 00:00:13     ; 1.0                     ; 4802 MB             ; 00:00:24                           ;
; Fitter                    ; 00:00:08     ; 1.0                     ; 5688 MB             ; 00:00:08                           ;
; Assembler                 ; 00:00:02     ; 1.0                     ; 4679 MB             ; 00:00:01                           ;
; TimeQuest Timing Analyzer ; 00:00:12     ; 1.0                     ; 4798 MB             ; 00:00:02                           ;
; EDA Netlist Writer        ; 00:00:06     ; 1.0                     ; 4650 MB             ; 00:00:01                           ;
; Total                     ; 00:00:41     ; --                      ; --                  ; 00:00:36                           ;
+---------------------------+--------------+-------------------------+---------------------+------------------------------------+


+-----------------------------------------------------------------------------------------+
; Flow OS Summary                                                                         ;
+---------------------------+------------------+------------+------------+----------------+
; Module Name               ; Machine Hostname ; OS Name    ; OS Version ; Processor type ;
+---------------------------+------------------+------------+------------+----------------+
; Analysis & Synthesis      ; LAPTOP-8E6RLG3I  ; Windows 10 ; 10.0       ; x86_64         ;
; Fitter                    ; LAPTOP-8E6RLG3I  ; Windows 10 ; 10.0       ; x86_64         ;
; Assembler                 ; LAPTOP-8E6RLG3I  ; Windows 10 ; 10.0       ; x86_64         ;
; TimeQuest Timing Analyzer ; LAPTOP-8E6RLG3I  ; Windows 10 ; 10.0       ; x86_64         ;
; EDA Netlist Writer        ; LAPTOP-8E6RLG3I  ; Windows 10 ; 10.0       ; x86_64         ;
+---------------------------+------------------+------------+------------+----------------+


------------
; Flow Log ;
------------
quartus_map --read_settings_files=on --write_settings_files=off hdmi_colorbar -c hdmi_colorbar
quartus_fit --read_settings_files=off --write_settings_files=off hdmi_colorbar -c hdmi_colorbar
quartus_asm --read_settings_files=off --write_settings_files=off hdmi_colorbar -c hdmi_colorbar
quartus_sta hdmi_colorbar -c hdmi_colorbar
quartus_eda --read_settings_files=off --write_settings_files=off hdmi_colorbar -c hdmi_colorbar



