IP Upgrade report for soc
Sat Jan 23 00:00:01 2021
Quartus Prime Version 17.0.0 Build 595 04/25/2017 SJ Standard Edition


---------------------
; Table of Contents ;
---------------------
  1. Legal Notice
  2. IP Upgrade Summary
  3. Failed Upgrade IP Components
  4. IP Upgrade Messages



----------------
; Legal Notice ;
----------------
Copyright (C) 2017  Intel Corporation. All rights reserved.
Your use of Intel Corporation's design tools, logic functions 
and other software and tools, and its AMPP partner logic 
functions, and any output files from any of the foregoing 
(including device programming or simulation files), and any 
associated documentation or information are expressly subject 
to the terms and conditions of the Intel Program License 
Subscription Agreement, the Intel Quartus Prime License Agreement,
the Intel MegaCore Function License Agreement, or other 
applicable license agreement, including, without limitation, 
that your use is for the sole purpose of programming logic 
devices manufactured by Intel and sold by Intel or its 
authorized distributors.  Please refer to the applicable 
agreement for further details.



+--------------------------------------------------------------------------------+
; IP Upgrade Summary                                                             ;
+------------------------------+-------------------------------------------------+
; IP Components Upgrade Status ; Failed - Sat Jan 23 00:00:01 2021               ;
; Quartus Prime Version        ; 17.0.0 Build 595 04/25/2017 SJ Standard Edition ;
; Revision Name                ; soc                                             ;
; Top-level Entity Name        ; soc                                             ;
; Family                       ; Cyclone IV E                                    ;
+------------------------------+-------------------------------------------------+


+------------------------------------------------------------------------------------------------------------------------------------------------+
; Failed Upgrade IP Components                                                                                                                   ;
+-------------+----------------+---------+----------------------+----------------------+-----------------+---------------------------------------+
; Entity Name ; Component Name ; Version ; Original Source File ; Generation File Path ; New Source File ; Message                               ;
+-------------+----------------+---------+----------------------+----------------------+-----------------+---------------------------------------+
; pll         ; ALTPLL         ; 13.1    ; pll.qip              ; pll.v                ;                 ; Error upgrading IP component "pll.v". ;
+-------------+----------------+---------+----------------------+----------------------+-----------------+---------------------------------------+


+---------------------+
; IP Upgrade Messages ;
+---------------------+
Info (11902): Backing up file "pll.v" to "pll.BAK.v"
Info (11837): Started upgrading IP component ALTPLL with file "pll.v"
Info (11904): Restoring file "pll.BAK.v" to "pll.v"
Error (14921): Error upgrading IP component "pll.v".
Error (11133): IP component ALTPLL with file "pll.v" upgrade failed
Error (11889): IP component upgrade failed
Error (23031): Evaluation of Tcl script e:/intelfpga/17.0/quartus/common/tcl/internal/ip_regen/ip_regen.tcl unsuccessful
Error: Quartus Prime Shell was unsuccessful. 4 errors, 0 warnings
    Error: Peak virtual memory: 4860 megabytes
    Error: Processing ended: Sat Jan 23 00:00:01 2021
    Error: Elapsed time: 00:00:09
    Error: Total CPU time (on all processors): 00:00:18


